<?xml version="1.0" encoding="UTF-8"?>
<!-- Generated by org.testng.reporters.JUnitXMLReporter -->
<testsuite hostname="DESKTOP-29OPJE1" ignored="0" name="TestOnChrome" tests="1" failures="0" timestamp="2020-12-09T16:56:13 IST" time="103.328" errors="0">
  <testcase name="@BeforeTest setup" time="72.401" classname="demo.TestNGMultiBrowserDemo">
    <failure type="org.openqa.selenium.WebDriverException" message="unknown error: DevToolsActivePort file doesn&amp;apos;t exist
Build info: version: &amp;apos;3.141.59&amp;apos;, revision: &amp;apos;e82be7d358&amp;apos;, time: &amp;apos;2018-11-14T08:17:03&amp;apos;
System info: host: &amp;apos;DESKTOP-29OPJE1&amp;apos;, ip: &amp;apos;192.168.43.205&amp;apos;, os.name: &amp;apos;Windows 10&amp;apos;, os.arch: &amp;apos;amd64&amp;apos;, os.version: &amp;apos;10.0&amp;apos;, java.version: &amp;apos;1.8.0_172&amp;apos;
Driver info: driver.version: EdgeDriver
remote stacktrace: Backtrace:
	Ordinal0 [0x00007FF6A6FDF872+4257906]
	Ordinal0 [0x00007FF6A6EB4439+3032121]
	Ordinal0 [0x00007FF6A6D0D1F7+1298935]
	Ordinal0 [0x00007FF6A6C52A9E+535198]
	Ordinal0 [0x00007FF6A6C4C470+509040]
	Ordinal0 [0x00007FF6A6C83312+733970]
	Ordinal0 [0x00007FF6A6C7DD5F+712031]
	Ordinal0 [0x00007FF6A6C58C85+560261]
	Ordinal0 [0x00007FF6A6C59A6B+563819]
	Ordinal0 [0x00007FF6A6ED1AA8+3152552]
	GetHandleVerifier [0x00007FF6A7131532+1256722]
	GetHandleVerifier [0x00007FF6A7143EB6+1332886]
	GetHandleVerifier [0x00007FF6A7131EF9+1259225]
	Ordinal0 [0x00007FF6A6EC4C75+3099765]
	Ordinal0 [0x00007FF6A6ED3E8B+3161739]
	Ordinal0 [0x00007FF6A6EEA1DA+3252698]
	BaseThreadInitThunk [0x00007FFBA0087C24+20]
	RtlUserThreadStart [0x00007FFBA194D4D1+33]
">
      <![CDATA[org.openqa.selenium.WebDriverException: unknown error: DevToolsActivePort file doesn't exist
Build info: version: '3.141.59', revision: 'e82be7d358', time: '2018-11-14T08:17:03'
System info: host: 'DESKTOP-29OPJE1', ip: '192.168.43.205', os.name: 'Windows 10', os.arch: 'amd64', os.version: '10.0', java.version: '1.8.0_172'
Driver info: driver.version: EdgeDriver
remote stacktrace: Backtrace:
Ordinal0 [0x00007FF6A6FDF872+4257906]
Ordinal0 [0x00007FF6A6EB4439+3032121]
Ordinal0 [0x00007FF6A6D0D1F7+1298935]
Ordinal0 [0x00007FF6A6C52A9E+535198]
Ordinal0 [0x00007FF6A6C4C470+509040]
Ordinal0 [0x00007FF6A6C83312+733970]
Ordinal0 [0x00007FF6A6C7DD5F+712031]
Ordinal0 [0x00007FF6A6C58C85+560261]
Ordinal0 [0x00007FF6A6C59A6B+563819]
Ordinal0 [0x00007FF6A6ED1AA8+3152552]
GetHandleVerifier [0x00007FF6A7131532+1256722]
GetHandleVerifier [0x00007FF6A7143EB6+1332886]
GetHandleVerifier [0x00007FF6A7131EF9+1259225]
Ordinal0 [0x00007FF6A6EC4C75+3099765]
Ordinal0 [0x00007FF6A6ED3E8B+3161739]
Ordinal0 [0x00007FF6A6EEA1DA+3252698]
BaseThreadInitThunk [0x00007FFBA0087C24+20]
RtlUserThreadStart [0x00007FFBA194D4D1+33]

at org.openqa.selenium.remote.W3CHandshakeResponse.lambda$errorHandler$0(W3CHandshakeResponse.java:62)
at org.openqa.selenium.remote.HandshakeResponse.lambda$getResponseFunction$0(HandshakeResponse.java:30)
at org.openqa.selenium.remote.ProtocolHandshake.lambda$createSession$0(ProtocolHandshake.java:126)
at java.util.stream.ReferencePipeline$3$1.accept(ReferencePipeline.java:193)
at java.util.Spliterators$ArraySpliterator.tryAdvance(Spliterators.java:958)
at java.util.stream.ReferencePipeline.forEachWithCancel(ReferencePipeline.java:126)
at java.util.stream.AbstractPipeline.copyIntoWithCancel(AbstractPipeline.java:498)
at java.util.stream.AbstractPipeline.copyInto(AbstractPipeline.java:485)
at java.util.stream.AbstractPipeline.wrapAndCopyInto(AbstractPipeline.java:471)
at java.util.stream.FindOps$FindOp.evaluateSequential(FindOps.java:152)
at java.util.stream.AbstractPipeline.evaluate(AbstractPipeline.java:234)
at java.util.stream.ReferencePipeline.findFirst(ReferencePipeline.java:464)
at org.openqa.selenium.remote.ProtocolHandshake.createSession(ProtocolHandshake.java:128)
at org.openqa.selenium.remote.ProtocolHandshake.createSession(ProtocolHandshake.java:74)
at org.openqa.selenium.remote.HttpCommandExecutor.execute(HttpCommandExecutor.java:136)
at org.openqa.selenium.remote.service.DriverCommandExecutor.execute(DriverCommandExecutor.java:83)
at org.openqa.selenium.remote.RemoteWebDriver.execute(RemoteWebDriver.java:552)
at org.openqa.selenium.remote.RemoteWebDriver.startSession(RemoteWebDriver.java:213)
at org.openqa.selenium.remote.RemoteWebDriver.<init>(RemoteWebDriver.java:131)
at org.openqa.selenium.edge.EdgeDriver.<init>(EdgeDriver.java:141)
at org.openqa.selenium.edge.EdgeDriver.<init>(EdgeDriver.java:96)
at demo.TestNGMultiBrowserDemo.setup(TestNGMultiBrowserDemo.java:28)
at java.util.concurrent.FutureTask.run(FutureTask.java:266)
at java.util.concurrent.ThreadPoolExecutor.runWorker(ThreadPoolExecutor.java:1149)
at java.util.concurrent.ThreadPoolExecutor$Worker.run(ThreadPoolExecutor.java:624)
at java.lang.Thread.run(Thread.java:748)
... Removed 19 stack frames]]>
    </failure>
  </testcase> <!-- @BeforeTest setup -->
  <testcase name="@AfterTest teardown" time="-1.607513142916E9" classname="demo.TestNGMultiBrowserDemo">
    <skipped/>
  </testcase> <!-- @AfterTest teardown -->
  <testcase name="test1" time="48.502" classname="demo.TestNGMultiBrowserDemo"/>
</testsuite> <!-- TestOnChrome -->
